[0610/142745.378:ERROR:process_info.cc(625)] range at 0x774825c200000000, size 0x63 fully unreadable
[0610/142745.378:ERROR:process_info.cc(625)] range at 0x7748262200000000, size 0x63 fully unreadable
[0610/142745.378:ERROR:process_info.cc(625)] range at 0x0, size 0x63 fully unreadable
[1220/110721.884:ERROR:process_info.cc(625)] range at 0x424025ea00000000, size 0xc8 fully unreadable
[1220/110721.884:ERROR:process_info.cc(625)] range at 0x4240264c00000000, size 0xc8 fully unreadable
[1220/110721.884:ERROR:process_info.cc(625)] range at 0x0, size 0xc8 fully unreadable
[1220/110722.270:ERROR:process_reader_win.cc(233)] ReadMemory at 0x7ff78bfd0000 of 64 bytes failed: Only part of a ReadProcessMemory or WriteProcessMemory request was completed. (0x12B)
[1220/110722.270:WARNING:pe_image_reader.cc(281)] could not read dos header from C:\Program Files (x86)\Google\Chrome\Application\chrome.exe
[1220/110722.270:ERROR:process_reader_win.cc(233)] ReadMemory at 0x7ffadb450000 of 64 bytes failed: Only part of a ReadProcessMemory or WriteProcessMemory request was completed. (0x12B)
[1220/110722.270:WARNING:pe_image_reader.cc(281)] could not read dos header from C:\Windows\SYSTEM32\ntdll.dll
[1220/110722.270:ERROR:process_reader_win.cc(233)] ReadMemory at 0x7ffad8ad0000 of 64 bytes failed: Only part of a ReadProcessMemory or WriteProcessMemory request was completed. (0x12B)
[1220/110722.270:WARNING:pe_image_reader.cc(281)] could not read dos header from C:\Windows\system32\KERNELBASE.dll
[1220/110722.270:ERROR:process_reader_win.cc(233)] ReadMemory at 0x7ffad8f70000 of 64 bytes failed: Only part of a ReadProcessMemory or WriteProcessMemory request was completed. (0x12B)
[1220/110722.270:WARNING:pe_image_reader.cc(281)] could not read dos header from C:\Windows\system32\KERNEL32.DLL
[1220/110722.270:ERROR:process_reader_win.cc(233)] ReadMemory at 0x7ffada830000 of 64 bytes failed: Only part of a ReadProcessMemory or WriteProcessMemory request was completed. (0x12B)
[1220/110722.270:WARNING:pe_image_reader.cc(281)] could not read dos header from C:\Windows\system32\msvcrt.dll
[1220/110722.270:ERROR:process_reader_win.cc(233)] ReadMemory at 0x7ffad8720000 of 64 bytes failed: Only part of a ReadProcessMemory or WriteProcessMemory request was completed. (0x12B)
[1220/110722.270:WARNING:pe_image_reader.cc(281)] could not read dos header from C:\Windows\SYSTEM32\VERSION.dll
[1220/110722.270:ERROR:process_reader_win.cc(233)] ReadMemory at 0x7ffac7140000 of 64 bytes failed: Only part of a ReadProcessMemory or WriteProcessMemory request was completed. (0x12B)
[1220/110722.270:WARNING:pe_image_reader.cc(281)] could not read dos header from C:\Program Files (x86)\Google\Chrome\Application\58.0.3029.110\chrome_elf.dll
[1220/110722.270:ERROR:process_reader_win.cc(233)] ReadMemory at 0x7ffad8cf0000 of 64 bytes failed: Only part of a ReadProcessMemory or WriteProcessMemory request was completed. (0x12B)
[1220/110722.271:WARNING:pe_image_reader.cc(281)] could not read dos header from C:\Windows\system32\RPCRT4.dll
[1220/110722.271:ERROR:process_reader_win.cc(233)] ReadMemory at 0x7ffad9160000 of 64 bytes failed: Only part of a ReadProcessMemory or WriteProcessMemory request was completed. (0x12B)
[1220/110722.271:WARNING:pe_image_reader.cc(281)] could not read dos header from C:\Windows\SYSTEM32\sechost.dll
[1220/110722.271:ERROR:process_reader_win.cc(233)] ReadMemory at 0x7ffada940000 of 64 bytes failed: Only part of a ReadProcessMemory or WriteProcessMemory request was completed. (0x12B)
[1220/110722.271:WARNING:pe_image_reader.cc(281)] could not read dos header from C:\Windows\system32\ADVAPI32.dll
[1220/110722.271:ERROR:process_reader_win.cc(233)] ReadMemory at 0x7ffad91c0000 of 64 bytes failed: Only part of a ReadProcessMemory or WriteProcessMemory request was completed. (0x12B)
[1220/110722.271:WARNING:pe_image_reader.cc(281)] could not read dos header from C:\Windows\system32\PSAPI.DLL
[1220/110722.271:ERROR:process_reader_win.cc(233)] ReadMemory at 0x7ffada5f0000 of 64 bytes failed: Only part of a ReadProcessMemory or WriteProcessMemory request was completed. (0x12B)
[1220/110722.271:WARNING:pe_image_reader.cc(281)] could not read dos header from C:\Windows\SYSTEM32\combase.dll
[1220/110722.271:ERROR:process_reader_win.cc(233)] ReadMemory at 0x7ffadaf80000 of 64 bytes failed: Only part of a ReadProcessMemory or WriteProcessMemory request was completed. (0x12B)
[1220/110722.271:WARNING:pe_image_reader.cc(281)] could not read dos header from C:\Windows\system32\GDI32.dll
[1220/110722.271:ERROR:process_reader_win.cc(233)] ReadMemory at 0x7ffadadf0000 of 64 bytes failed: Only part of a ReadProcessMemory or WriteProcessMemory request was completed. (0x12B)
[1220/110722.271:WARNING:pe_image_reader.cc(281)] could not read dos header from C:\Windows\system32\USER32.dll
[1220/110722.271:ERROR:process_reader_win.cc(233)] ReadMemory at 0x7ffac70c0000 of 64 bytes failed: Only part of a ReadProcessMemory or WriteProcessMemory request was completed. (0x12B)
[1220/110722.272:WARNING:pe_image_reader.cc(281)] could not read dos header from C:\Program Files (x86)\Kaspersky Lab\Kaspersky Internet Security 17.0.0\x64\inproc_agent.dll
[1220/110722.272:ERROR:process_reader_win.cc(233)] ReadMemory at 0x7ffac7020000 of 64 bytes failed: Only part of a ReadProcessMemory or WriteProcessMemory request was completed. (0x12B)
[1220/110722.272:WARNING:pe_image_reader.cc(281)] could not read dos header from C:\ProgramData\Kaspersky Lab\AVP17.0.0\Bases\klsihk64.dll
[1220/110722.272:ERROR:process_reader_win.cc(233)] ReadMemory at 0x7ffad8e30000 of 64 bytes failed: Only part of a ReadProcessMemory or WriteProcessMemory request was completed. (0x12B)
[1220/110722.272:WARNING:pe_image_reader.cc(281)] could not read dos header from C:\Windows\system32\MSCTF.dll
[1220/110722.272:ERROR:process_reader_win.cc(233)] ReadMemory at 0x7ffadaab0000 of 64 bytes failed: Only part of a ReadProcessMemory or WriteProcessMemory request was completed. (0x12B)
[1220/110722.272:WARNING:pe_image_reader.cc(281)] could not read dos header from C:\Windows\system32\IMM32.DLL
[1220/110722.272:ERROR:process_reader_win.cc(233)] ReadMemory at 0x7ffad8c90000 of 64 bytes failed: Only part of a ReadProcessMemory or WriteProcessMemory request was completed. (0x12B)
[1220/110722.272:WARNING:pe_image_reader.cc(281)] could not read dos header from C:\Windows\system32\SHLWAPI.dll
[1220/110722.272:ERROR:process_reader_win.cc(233)] ReadMemory at 0x7ffad91d0000 of 64 bytes failed: Only part of a ReadProcessMemory or WriteProcessMemory request was completed. (0x12B)
[1220/110722.272:WARNING:pe_image_reader.cc(281)] could not read dos header from C:\Windows\system32\SHELL32.dll
[1220/110722.272:ERROR:process_reader_win.cc(233)] ReadMemory at 0x7ffad8bf0000 of 64 bytes failed: Only part of a ReadProcessMemory or WriteProcessMemory request was completed. (0x12B)
[1220/110722.272:WARNING:pe_image_reader.cc(281)] could not read dos header from C:\Windows\SYSTEM32\cfgmgr32.dll
[1220/110722.272:ERROR:process_reader_win.cc(233)] ReadMemory at 0x7ffad7580000 of 64 bytes failed: Only part of a ReadProcessMemory or WriteProcessMemory request was completed. (0x12B)
[1220/110722.272:WARNING:pe_image_reader.cc(281)] could not read dos header from C:\Windows\SYSTEM32\DEVOBJ.dll
[1220/110722.272:ERROR:process_reader_win.cc(233)] ReadMemory at 0x7ffad5c00000 of 64 bytes failed: Only part of a ReadProcessMemory or WriteProcessMemory request was completed. (0x12B)
[1220/110722.272:WARNING:pe_image_reader.cc(281)] could not read dos header from C:\Windows\SYSTEM32\WINMMBASE.dll
[1220/110722.272:ERROR:process_reader_win.cc(233)] ReadMemory at 0x7ffad6c80000 of 64 bytes failed: Only part of a ReadProcessMemory or WriteProcessMemory request was completed. (0x12B)
[1220/110722.272:WARNING:pe_image_reader.cc(281)] could not read dos header from C:\Windows\SYSTEM32\WINMM.dll
[1220/110722.272:ERROR:process_reader_win.cc(233)] ReadMemory at 0x7ffad8770000 of 64 bytes failed: Only part of a ReadProcessMemory or WriteProcessMemory request was completed. (0x12B)
[1220/110722.272:WARNING:pe_image_reader.cc(281)] could not read dos header from C:\Windows\SYSTEM32\profapi.dll
[1220/110722.273:ERROR:process_reader_win.cc(233)] ReadMemory at 0x7ffad7d10000 of 64 bytes failed: Only part of a ReadProcessMemory or WriteProcessMemory request was completed. (0x12B)
[1220/110722.273:WARNING:pe_image_reader.cc(281)] could not read dos header from C:\Windows\SYSTEM32\USERENV.dll
[1220/110722.273:ERROR:process_reader_win.cc(233)] ReadMemory at 0x7ffad1dd0000 of 64 bytes failed: Only part of a ReadProcessMemory or WriteProcessMemory request was completed. (0x12B)
[1220/110722.273:WARNING:pe_image_reader.cc(281)] could not read dos header from C:\Windows\SYSTEM32\WINHTTP.dll
[1220/110722.273:ERROR:process_reader_win.cc(233)] ReadMemory at 0x7ffad8530000 of 64 bytes failed: Only part of a ReadProcessMemory or WriteProcessMemory request was completed. (0x12B)
[1220/110722.273:WARNING:pe_image_reader.cc(281)] could not read dos header from C:\Windows\SYSTEM32\bcryptPrimitives.dll
[1220/110722.273:ERROR:process_reader_win.cc(233)] ReadMemory at 0x7ffad8600000 of 64 bytes failed: Only part of a ReadProcessMemory or WriteProcessMemory request was completed. (0x12B)
[1220/110722.273:WARNING:pe_image_reader.cc(281)] could not read dos header from C:\Windows\SYSTEM32\CRYPTBASE.DLL
[1220/110722.273:ERROR:process_reader_win.cc(233)] ReadMemory at 0x7ffad5ac0000 of 64 bytes failed: Only part of a ReadProcessMemory or WriteProcessMemory request was completed. (0x12B)
[1220/110722.273:WARNING:pe_image_reader.cc(281)] could not read dos header from C:\Windows\SYSTEM32\shcore.dll
[1220/110722.273:ERROR:process_reader_win.cc(233)] ReadMemory at 0x7ffadb0e0000 of 64 bytes failed: Only part of a ReadProcessMemory or WriteProcessMemory request was completed. (0x12B)
[1220/110722.273:WARNING:pe_image_reader.cc(281)] could not read dos header from C:\Windows\system32\ole32.dll
[1220/110722.273:ERROR:process_reader_win.cc(233)] ReadMemory at 0x7ffadad30000 of 64 bytes failed: Only part of a ReadProcessMemory or WriteProcessMemory request was completed. (0x12B)
[1220/110722.273:WARNING:pe_image_reader.cc(281)] could not read dos header from C:\Windows\system32\OLEAUT32.dll
[1220/110722.273:ERROR:process_reader_win.cc(233)] ReadMemory at 0x7ffadb440000 of 64 bytes failed: Only part of a ReadProcessMemory or WriteProcessMemory request was completed. (0x12B)
[1220/110722.273:WARNING:pe_image_reader.cc(281)] could not read dos header from C:\Windows\system32\NSI.dll
[1220/110722.273:ERROR:process_reader_win.cc(233)] ReadMemory at 0x7ffada9f0000 of 64 bytes failed: Only part of a ReadProcessMemory or WriteProcessMemory request was completed. (0x12B)
[1220/110722.273:WARNING:pe_image_reader.cc(281)] could not read dos header from C:\Windows\system32\WS2_32.dll
[1220/110722.273:ERROR:process_reader_win.cc(233)] ReadMemory at 0x7ffad5170000 of 64 bytes failed: Only part of a ReadProcessMemory or WriteProcessMemory request was completed. (0x12B)
[1220/110722.273:WARNING:pe_image_reader.cc(281)] could not read dos header from C:\Windows\WinSxS\amd64_microsoft.windows.common-controls_6595b64144ccf1df_6.0.9600.17810_none_6240b9c7ecbd0bda\COMCTL32.dll
[1220/110722.273:ERROR:process_reader_win.cc(233)] ReadMemory at 0x7ffadaaf0000 of 64 bytes failed: Only part of a ReadProcessMemory or WriteProcessMemory request was completed. (0x12B)
[1220/110722.273:WARNING:pe_image_reader.cc(281)] could not read dos header from C:\Windows\system32\COMDLG32.dll
[1220/110722.273:ERROR:process_reader_win.cc(233)] ReadMemory at 0x7ffac4e20000 of 64 bytes failed: Only part of a ReadProcessMemory or WriteProcessMemory request was completed. (0x12B)
[1220/110722.273:WARNING:pe_image_reader.cc(281)] could not read dos header from C:\Windows\SYSTEM32\dbghelp.dll
[1220/110722.273:ERROR:process_reader_win.cc(233)] ReadMemory at 0x7ffacd890000 of 64 bytes failed: Only part of a ReadProcessMemory or WriteProcessMemory request was completed. (0x12B)
[1220/110722.274:WARNING:pe_image_reader.cc(281)] could not read dos header from C:\Windows\SYSTEM32\USP10.dll
[1220/110722.274:ERROR:process_reader_win.cc(233)] ReadMemory at 0x7ffad0da0000 of 64 bytes failed: Only part of a ReadProcessMemory or WriteProcessMemory request was completed. (0x12B)
[1220/110722.274:WARNING:pe_image_reader.cc(281)] could not read dos header from C:\Windows\SYSTEM32\WINSPOOL.DRV
[1220/110722.274:ERROR:process_reader_win.cc(233)] ReadMemory at 0x7ffad3b90000 of 64 bytes failed: Only part of a ReadProcessMemory or WriteProcessMemory request was completed. (0x12B)
[1220/110722.274:WARNING:pe_image_reader.cc(281)] could not read dos header from C:\Windows\SYSTEM32\WINNSI.DLL
[1220/110722.274:ERROR:process_reader_win.cc(233)] ReadMemory at 0x7ffad3bc0000 of 64 bytes failed: Only part of a ReadProcessMemory or WriteProcessMemory request was completed. (0x12B)
[1220/110722.274:WARNING:pe_image_reader.cc(281)] could not read dos header from C:\Windows\SYSTEM32\IPHLPAPI.DLL
[1220/110722.274:ERROR:process_reader_win.cc(233)] ReadMemory at 0x7ffad0a50000 of 64 bytes failed: Only part of a ReadProcessMemory or WriteProcessMemory request was completed. (0x12B)
[1220/110722.274:WARNING:pe_image_reader.cc(281)] could not read dos header from C:\Windows\SYSTEM32\Secur32.dll
[1220/110722.274:ERROR:process_reader_win.cc(233)] ReadMemory at 0x7ffad4190000 of 64 bytes failed: Only part of a ReadProcessMemory or WriteProcessMemory request was completed. (0x12B)
[1220/110722.274:WARNING:pe_image_reader.cc(281)] could not read dos header from C:\Windows\SYSTEM32\DWrite.dll
[1220/110722.274:ERROR:process_reader_win.cc(233)] ReadMemory at 0x7ffad8820000 of 64 bytes failed: Only part of a ReadProcessMemory or WriteProcessMemory request was completed. (0x12B)
[1220/110722.274:WARNING:pe_image_reader.cc(281)] could not read dos header from C:\Windows\system32\MSASN1.dll
[1220/110722.274:ERROR:process_reader_win.cc(233)] ReadMemory at 0x7ffad8840000 of 64 bytes failed: Only part of a ReadProcessMemory or WriteProcessMemory request was completed. (0x12B)
[1220/110722.274:WARNING:pe_image_reader.cc(281)] could not read dos header from C:\Windows\system32\CRYPT32.dll
[1220/110722.274:ERROR:process_reader_win.cc(233)] ReadMemory at 0x7ffad8c40000 of 64 bytes failed: Only part of a ReadProcessMemory or WriteProcessMemory request was completed. (0x12B)
[1220/110722.274:WARNING:pe_image_reader.cc(281)] could not read dos header from C:\Windows\system32\WINTRUST.dll
[1220/110722.274:ERROR:process_reader_win.cc(233)] ReadMemory at 0x7ffad8500000 of 64 bytes failed: Only part of a ReadProcessMemory or WriteProcessMemory request was completed. (0x12B)
[1220/110722.274:WARNING:pe_image_reader.cc(281)] could not read dos header from C:\Windows\SYSTEM32\SSPICLI.DLL
[1220/110722.274:ERROR:process_reader_win.cc(233)] ReadMemory at 0x7ffab0190000 of 64 bytes failed: Only part of a ReadProcessMemory or WriteProcessMemory request was completed. (0x12B)
[1220/110722.274:WARNING:pe_image_reader.cc(281)] could not read dos header from C:\Program Files (x86)\Google\Chrome\Application\58.0.3029.110\chrome_child.dll
[1220/110722.274:ERROR:process_reader_win.cc(233)] ReadMemory at 0x7ff78bfd0000 of 64 bytes failed: Only part of a ReadProcessMemory or WriteProcessMemory request was completed. (0x12B)
[1220/110722.274:WARNING:pe_image_reader.cc(281)] could not read dos header from C:\Program Files (x86)\Google\Chrome\Application\chrome.exe
[1220/110722.274:ERROR:process_reader_win.cc(233)] ReadMemory at 0x7ffadb450000 of 64 bytes failed: Only part of a ReadProcessMemory or WriteProcessMemory request was completed. (0x12B)
[1220/110722.274:WARNING:pe_image_reader.cc(281)] could not read dos header from C:\Windows\SYSTEM32\ntdll.dll
[1220/110722.274:ERROR:process_reader_win.cc(233)] ReadMemory at 0x7ffad8ad0000 of 64 bytes failed: Only part of a ReadProcessMemory or WriteProcessMemory request was completed. (0x12B)
[1220/110722.274:WARNING:pe_image_reader.cc(281)] could not read dos header from C:\Windows\system32\KERNELBASE.dll
[1220/110722.275:ERROR:process_reader_win.cc(233)] ReadMemory at 0x7ffad8f70000 of 64 bytes failed: Only part of a ReadProcessMemory or WriteProcessMemory request was completed. (0x12B)
[1220/110722.275:WARNING:pe_image_reader.cc(281)] could not read dos header from C:\Windows\system32\KERNEL32.DLL
[1220/110722.275:ERROR:process_reader_win.cc(233)] ReadMemory at 0x7ffada830000 of 64 bytes failed: Only part of a ReadProcessMemory or WriteProcessMemory request was completed. (0x12B)
[1220/110722.275:WARNING:pe_image_reader.cc(281)] could not read dos header from C:\Windows\system32\msvcrt.dll
[1220/110722.275:ERROR:process_reader_win.cc(233)] ReadMemory at 0x7ffad8720000 of 64 bytes failed: Only part of a ReadProcessMemory or WriteProcessMemory request was completed. (0x12B)
[1220/110722.275:WARNING:pe_image_reader.cc(281)] could not read dos header from C:\Windows\SYSTEM32\VERSION.dll
[1220/110722.275:ERROR:process_reader_win.cc(233)] ReadMemory at 0x7ffac7140000 of 64 bytes failed: Only part of a ReadProcessMemory or WriteProcessMemory request was completed. (0x12B)
[1220/110722.275:WARNING:pe_image_reader.cc(281)] could not read dos header from C:\Program Files (x86)\Google\Chrome\Application\58.0.3029.110\chrome_elf.dll
[1220/110722.275:ERROR:process_reader_win.cc(233)] ReadMemory at 0x7ffad8cf0000 of 64 bytes failed: Only part of a ReadProcessMemory or WriteProcessMemory request was completed. (0x12B)
[1220/110722.275:WARNING:pe_image_reader.cc(281)] could not read dos header from C:\Windows\system32\RPCRT4.dll
[1220/110722.275:ERROR:process_reader_win.cc(233)] ReadMemory at 0x7ffad9160000 of 64 bytes failed: Only part of a ReadProcessMemory or WriteProcessMemory request was completed. (0x12B)
[1220/110722.275:WARNING:pe_image_reader.cc(281)] could not read dos header from C:\Windows\SYSTEM32\sechost.dll
[1220/110722.275:ERROR:process_reader_win.cc(233)] ReadMemory at 0x7ffada940000 of 64 bytes failed: Only part of a ReadProcessMemory or WriteProcessMemory request was completed. (0x12B)
[1220/110722.275:WARNING:pe_image_reader.cc(281)] could not read dos header from C:\Windows\system32\ADVAPI32.dll
[1220/110722.275:ERROR:process_reader_win.cc(233)] ReadMemory at 0x7ffad91c0000 of 64 bytes failed: Only part of a ReadProcessMemory or WriteProcessMemory request was completed. (0x12B)
[1220/110722.275:WARNING:pe_image_reader.cc(281)] could not read dos header from C:\Windows\system32\PSAPI.DLL
[1220/110722.275:ERROR:process_reader_win.cc(233)] ReadMemory at 0x7ffada5f0000 of 64 bytes failed: Only part of a ReadProcessMemory or WriteProcessMemory request was completed. (0x12B)
[1220/110722.275:WARNING:pe_image_reader.cc(281)] could not read dos header from C:\Windows\SYSTEM32\combase.dll
[1220/110722.275:ERROR:process_reader_win.cc(233)] ReadMemory at 0x7ffadaf80000 of 64 bytes failed: Only part of a ReadProcessMemory or WriteProcessMemory request was completed. (0x12B)
[1220/110722.276:WARNING:pe_image_reader.cc(281)] could not read dos header from C:\Windows\system32\GDI32.dll
[1220/110722.276:ERROR:process_reader_win.cc(233)] ReadMemory at 0x7ffadadf0000 of 64 bytes failed: Only part of a ReadProcessMemory or WriteProcessMemory request was completed. (0x12B)
[1220/110722.276:WARNING:pe_image_reader.cc(281)] could not read dos header from C:\Windows\system32\USER32.dll
[1220/110722.276:ERROR:process_reader_win.cc(233)] ReadMemory at 0x7ffac70c0000 of 64 bytes failed: Only part of a ReadProcessMemory or WriteProcessMemory request was completed. (0x12B)
[1220/110722.276:WARNING:pe_image_reader.cc(281)] could not read dos header from C:\Program Files (x86)\Kaspersky Lab\Kaspersky Internet Security 17.0.0\x64\inproc_agent.dll
[1220/110722.276:ERROR:process_reader_win.cc(233)] ReadMemory at 0x7ffac7020000 of 64 bytes failed: Only part of a ReadProcessMemory or WriteProcessMemory request was completed. (0x12B)
[1220/110722.276:WARNING:pe_image_reader.cc(281)] could not read dos header from C:\ProgramData\Kaspersky Lab\AVP17.0.0\Bases\klsihk64.dll
[1220/110722.276:ERROR:process_reader_win.cc(233)] ReadMemory at 0x7ffad8e30000 of 64 bytes failed: Only part of a ReadProcessMemory or WriteProcessMemory request was completed. (0x12B)
[1220/110722.276:WARNING:pe_image_reader.cc(281)] could not read dos header from C:\Windows\system32\MSCTF.dll
[1220/110722.276:ERROR:process_reader_win.cc(233)] ReadMemory at 0x7ffadaab0000 of 64 bytes failed: Only part of a ReadProcessMemory or WriteProcessMemory request was completed. (0x12B)
[1220/110722.276:WARNING:pe_image_reader.cc(281)] could not read dos header from C:\Windows\system32\IMM32.DLL
[1220/110722.276:ERROR:process_reader_win.cc(233)] ReadMemory at 0x7ffad8c90000 of 64 bytes failed: Only part of a ReadProcessMemory or WriteProcessMemory request was completed. (0x12B)
[1220/110722.276:WARNING:pe_image_reader.cc(281)] could not read dos header from C:\Windows\system32\SHLWAPI.dll
[1220/110722.276:ERROR:process_reader_win.cc(233)] ReadMemory at 0x7ffad91d0000 of 64 bytes failed: Only part of a ReadProcessMemory or WriteProcessMemory request was completed. (0x12B)
[1220/110722.276:WARNING:pe_image_reader.cc(281)] could not read dos header from C:\Windows\system32\SHELL32.dll
[1220/110722.276:ERROR:process_reader_win.cc(233)] ReadMemory at 0x7ffad8bf0000 of 64 bytes failed: Only part of a ReadProcessMemory or WriteProcessMemory request was completed. (0x12B)
[1220/110722.276:WARNING:pe_image_reader.cc(281)] could not read dos header from C:\Windows\SYSTEM32\cfgmgr32.dll
[1220/110722.276:ERROR:process_reader_win.cc(233)] ReadMemory at 0x7ffad7580000 of 64 bytes failed: Only part of a ReadProcessMemory or WriteProcessMemory request was completed. (0x12B)
[1220/110722.276:WARNING:pe_image_reader.cc(281)] could not read dos header from C:\Windows\SYSTEM32\DEVOBJ.dll
[1220/110722.276:ERROR:process_reader_win.cc(233)] ReadMemory at 0x7ffad5c00000 of 64 bytes failed: Only part of a ReadProcessMemory or WriteProcessMemory request was completed. (0x12B)
[1220/110722.276:WARNING:pe_image_reader.cc(281)] could not read dos header from C:\Windows\SYSTEM32\WINMMBASE.dll
[1220/110722.276:ERROR:process_reader_win.cc(233)] ReadMemory at 0x7ffad6c80000 of 64 bytes failed: Only part of a ReadProcessMemory or WriteProcessMemory request was completed. (0x12B)
[1220/110722.276:WARNING:pe_image_reader.cc(281)] could not read dos header from C:\Windows\SYSTEM32\WINMM.dll
[1220/110722.276:ERROR:process_reader_win.cc(233)] ReadMemory at 0x7ffad8770000 of 64 bytes failed: Only part of a ReadProcessMemory or WriteProcessMemory request was completed. (0x12B)
[1220/110722.276:WARNING:pe_image_reader.cc(281)] could not read dos header from C:\Windows\SYSTEM32\profapi.dll
[1220/110722.276:ERROR:process_reader_win.cc(233)] ReadMemory at 0x7ffad7d10000 of 64 bytes failed: Only part of a ReadProcessMemory or WriteProcessMemory request was completed. (0x12B)
[1220/110722.276:WARNING:pe_image_reader.cc(281)] could not read dos header from C:\Windows\SYSTEM32\USERENV.dll
[1220/110722.276:ERROR:process_reader_win.cc(233)] ReadMemory at 0x7ffad1dd0000 of 64 bytes failed: Only part of a ReadProcessMemory or WriteProcessMemory request was completed. (0x12B)
[1220/110722.276:WARNING:pe_image_reader.cc(281)] could not read dos header from C:\Windows\SYSTEM32\WINHTTP.dll
[1220/110722.277:ERROR:process_reader_win.cc(233)] ReadMemory at 0x7ffad8530000 of 64 bytes failed: Only part of a ReadProcessMemory or WriteProcessMemory request was completed. (0x12B)
[1220/110722.277:WARNING:pe_image_reader.cc(281)] could not read dos header from C:\Windows\SYSTEM32\bcryptPrimitives.dll
[1220/110722.277:ERROR:process_reader_win.cc(233)] ReadMemory at 0x7ffad8600000 of 64 bytes failed: Only part of a ReadProcessMemory or WriteProcessMemory request was completed. (0x12B)
[1220/110722.277:WARNING:pe_image_reader.cc(281)] could not read dos header from C:\Windows\SYSTEM32\CRYPTBASE.DLL
[1220/110722.277:ERROR:process_reader_win.cc(233)] ReadMemory at 0x7ffad5ac0000 of 64 bytes failed: Only part of a ReadProcessMemory or WriteProcessMemory request was completed. (0x12B)
[1220/110722.277:WARNING:pe_image_reader.cc(281)] could not read dos header from C:\Windows\SYSTEM32\shcore.dll
[1220/110722.277:ERROR:process_reader_win.cc(233)] ReadMemory at 0x7ffadb0e0000 of 64 bytes failed: Only part of a ReadProcessMemory or WriteProcessMemory request was completed. (0x12B)
[1220/110722.277:WARNING:pe_image_reader.cc(281)] could not read dos header from C:\Windows\system32\ole32.dll
[1220/110722.277:ERROR:process_reader_win.cc(233)] ReadMemory at 0x7ffadad30000 of 64 bytes failed: Only part of a ReadProcessMemory or WriteProcessMemory request was completed. (0x12B)
[1220/110722.277:WARNING:pe_image_reader.cc(281)] could not read dos header from C:\Windows\system32\OLEAUT32.dll
[1220/110722.277:ERROR:process_reader_win.cc(233)] ReadMemory at 0x7ffadb440000 of 64 bytes failed: Only part of a ReadProcessMemory or WriteProcessMemory request was completed. (0x12B)
[1220/110722.277:WARNING:pe_image_reader.cc(281)] could not read dos header from C:\Windows\system32\NSI.dll
[1220/110722.277:ERROR:process_reader_win.cc(233)] ReadMemory at 0x7ffada9f0000 of 64 bytes failed: Only part of a ReadProcessMemory or WriteProcessMemory request was completed. (0x12B)
[1220/110722.277:WARNING:pe_image_reader.cc(281)] could not read dos header from C:\Windows\system32\WS2_32.dll
[1220/110722.277:ERROR:process_reader_win.cc(233)] ReadMemory at 0x7ffad5170000 of 64 bytes failed: Only part of a ReadProcessMemory or WriteProcessMemory request was completed. (0x12B)
[1220/110722.277:WARNING:pe_image_reader.cc(281)] could not read dos header from C:\Windows\WinSxS\amd64_microsoft.windows.common-controls_6595b64144ccf1df_6.0.9600.17810_none_6240b9c7ecbd0bda\COMCTL32.dll
[1220/110722.277:ERROR:process_reader_win.cc(233)] ReadMemory at 0x7ffadaaf0000 of 64 bytes failed: Only part of a ReadProcessMemory or WriteProcessMemory request was completed. (0x12B)
[1220/110722.277:WARNING:pe_image_reader.cc(281)] could not read dos header from C:\Windows\system32\COMDLG32.dll
[1220/110722.277:ERROR:process_reader_win.cc(233)] ReadMemory at 0x7ffac4e20000 of 64 bytes failed: Only part of a ReadProcessMemory or WriteProcessMemory request was completed. (0x12B)
[1220/110722.277:WARNING:pe_image_reader.cc(281)] could not read dos header from C:\Windows\SYSTEM32\dbghelp.dll
[1220/110722.277:ERROR:process_reader_win.cc(233)] ReadMemory at 0x7ffacd890000 of 64 bytes failed: Only part of a ReadProcessMemory or WriteProcessMemory request was completed. (0x12B)
[1220/110722.277:WARNING:pe_image_reader.cc(281)] could not read dos header from C:\Windows\SYSTEM32\USP10.dll
[1220/110722.277:ERROR:process_reader_win.cc(233)] ReadMemory at 0x7ffad0da0000 of 64 bytes failed: Only part of a ReadProcessMemory or WriteProcessMemory request was completed. (0x12B)
[1220/110722.277:WARNING:pe_image_reader.cc(281)] could not read dos header from C:\Windows\SYSTEM32\WINSPOOL.DRV
[1220/110722.277:ERROR:process_reader_win.cc(233)] ReadMemory at 0x7ffad3b90000 of 64 bytes failed: Only part of a ReadProcessMemory or WriteProcessMemory request was completed. (0x12B)
[1220/110722.277:WARNING:pe_image_reader.cc(281)] could not read dos header from C:\Windows\SYSTEM32\WINNSI.DLL
[1220/110722.277:ERROR:process_reader_win.cc(233)] ReadMemory at 0x7ffad3bc0000 of 64 bytes failed: Only part of a ReadProcessMemory or WriteProcessMemory request was completed. (0x12B)
[1220/110722.277:WARNING:pe_image_reader.cc(281)] could not read dos header from C:\Windows\SYSTEM32\IPHLPAPI.DLL
[1220/110722.277:ERROR:process_reader_win.cc(233)] ReadMemory at 0x7ffad0a50000 of 64 bytes failed: Only part of a ReadProcessMemory or WriteProcessMemory request was completed. (0x12B)
[1220/110722.277:WARNING:pe_image_reader.cc(281)] could not read dos header from C:\Windows\SYSTEM32\Secur32.dll
[1220/110722.278:ERROR:process_reader_win.cc(233)] ReadMemory at 0x7ffad4190000 of 64 bytes failed: Only part of a ReadProcessMemory or WriteProcessMemory request was completed. (0x12B)
[1220/110722.278:WARNING:pe_image_reader.cc(281)] could not read dos header from C:\Windows\SYSTEM32\DWrite.dll
[1220/110722.278:ERROR:process_reader_win.cc(233)] ReadMemory at 0x7ffad8820000 of 64 bytes failed: Only part of a ReadProcessMemory or WriteProcessMemory request was completed. (0x12B)
[1220/110722.278:WARNING:pe_image_reader.cc(281)] could not read dos header from C:\Windows\system32\MSASN1.dll
[1220/110722.278:ERROR:process_reader_win.cc(233)] ReadMemory at 0x7ffad8840000 of 64 bytes failed: Only part of a ReadProcessMemory or WriteProcessMemory request was completed. (0x12B)
[1220/110722.278:WARNING:pe_image_reader.cc(281)] could not read dos header from C:\Windows\system32\CRYPT32.dll
[1220/110722.278:ERROR:process_reader_win.cc(233)] ReadMemory at 0x7ffad8c40000 of 64 bytes failed: Only part of a ReadProcessMemory or WriteProcessMemory request was completed. (0x12B)
[1220/110722.278:WARNING:pe_image_reader.cc(281)] could not read dos header from C:\Windows\system32\WINTRUST.dll
[1220/110722.278:ERROR:process_reader_win.cc(233)] ReadMemory at 0x7ffad8500000 of 64 bytes failed: Only part of a ReadProcessMemory or WriteProcessMemory request was completed. (0x12B)
[1220/110722.278:WARNING:pe_image_reader.cc(281)] could not read dos header from C:\Windows\SYSTEM32\SSPICLI.DLL
[1220/110722.278:ERROR:process_reader_win.cc(233)] ReadMemory at 0x7ffab0190000 of 64 bytes failed: Only part of a ReadProcessMemory or WriteProcessMemory request was completed. (0x12B)
[1220/110722.278:WARNING:pe_image_reader.cc(281)] could not read dos header from C:\Program Files (x86)\Google\Chrome\Application\58.0.3029.110\chrome_child.dll
[1220/110722.278:ERROR:process_reader_win.cc(233)] ReadMemory at 0x7ff78bfd0000 of 64 bytes failed: Only part of a ReadProcessMemory or WriteProcessMemory request was completed. (0x12B)
[1220/110722.278:WARNING:pe_image_reader.cc(281)] could not read dos header from C:\Program Files (x86)\Google\Chrome\Application\chrome.exe
[1220/110722.278:ERROR:process_reader_win.cc(233)] ReadMemory at 0x7ffadb450000 of 64 bytes failed: Only part of a ReadProcessMemory or WriteProcessMemory request was completed. (0x12B)
[1220/110722.278:WARNING:pe_image_reader.cc(281)] could not read dos header from C:\Windows\SYSTEM32\ntdll.dll
[1220/110722.278:ERROR:process_reader_win.cc(233)] ReadMemory at 0x7ffad8ad0000 of 64 bytes failed: Only part of a ReadProcessMemory or WriteProcessMemory request was completed. (0x12B)
[1220/110722.278:WARNING:pe_image_reader.cc(281)] could not read dos header from C:\Windows\system32\KERNELBASE.dll
[1220/110722.278:ERROR:process_reader_win.cc(233)] ReadMemory at 0x7ffad8f70000 of 64 bytes failed: Only part of a ReadProcessMemory or WriteProcessMemory request was completed. (0x12B)
[1220/110722.278:WARNING:pe_image_reader.cc(281)] could not read dos header from C:\Windows\system32\KERNEL32.DLL
[1220/110722.278:ERROR:process_reader_win.cc(233)] ReadMemory at 0x7ffada830000 of 64 bytes failed: Only part of a ReadProcessMemory or WriteProcessMemory request was completed. (0x12B)
[1220/110722.278:WARNING:pe_image_reader.cc(281)] could not read dos header from C:\Windows\system32\msvcrt.dll
[1220/110722.278:ERROR:process_reader_win.cc(233)] ReadMemory at 0x7ffad8720000 of 64 bytes failed: Only part of a ReadProcessMemory or WriteProcessMemory request was completed. (0x12B)
[1220/110722.278:WARNING:pe_image_reader.cc(281)] could not read dos header from C:\Windows\SYSTEM32\VERSION.dll
[1220/110722.278:ERROR:process_reader_win.cc(233)] ReadMemory at 0x7ffac7140000 of 64 bytes failed: Only part of a ReadProcessMemory or WriteProcessMemory request was completed. (0x12B)
[1220/110722.278:WARNING:pe_image_reader.cc(281)] could not read dos header from C:\Program Files (x86)\Google\Chrome\Application\58.0.3029.110\chrome_elf.dll
[1220/110722.278:ERROR:process_reader_win.cc(233)] ReadMemory at 0x7ffad8cf0000 of 64 bytes failed: Only part of a ReadProcessMemory or WriteProcessMemory request was completed. (0x12B)
[1220/110722.279:WARNING:pe_image_reader.cc(281)] could not read dos header from C:\Windows\system32\RPCRT4.dll
[1220/110722.279:ERROR:process_reader_win.cc(233)] ReadMemory at 0x7ffad9160000 of 64 bytes failed: Only part of a ReadProcessMemory or WriteProcessMemory request was completed. (0x12B)
[1220/110722.279:WARNING:pe_image_reader.cc(281)] could not read dos header from C:\Windows\SYSTEM32\sechost.dll
[1220/110722.279:ERROR:process_reader_win.cc(233)] ReadMemory at 0x7ffada940000 of 64 bytes failed: Only part of a ReadProcessMemory or WriteProcessMemory request was completed. (0x12B)
[1220/110722.279:WARNING:pe_image_reader.cc(281)] could not read dos header from C:\Windows\system32\ADVAPI32.dll
[1220/110722.279:ERROR:process_reader_win.cc(233)] ReadMemory at 0x7ffad91c0000 of 64 bytes failed: Only part of a ReadProcessMemory or WriteProcessMemory request was completed. (0x12B)
[1220/110722.279:WARNING:pe_image_reader.cc(281)] could not read dos header from C:\Windows\system32\PSAPI.DLL
[1220/110722.279:ERROR:process_reader_win.cc(233)] ReadMemory at 0x7ffada5f0000 of 64 bytes failed: Only part of a ReadProcessMemory or WriteProcessMemory request was completed. (0x12B)
[1220/110722.279:WARNING:pe_image_reader.cc(281)] could not read dos header from C:\Windows\SYSTEM32\combase.dll
[1220/110722.279:ERROR:process_reader_win.cc(233)] ReadMemory at 0x7ffadaf80000 of 64 bytes failed: Only part of a ReadProcessMemory or WriteProcessMemory request was completed. (0x12B)
[1220/110722.279:WARNING:pe_image_reader.cc(281)] could not read dos header from C:\Windows\system32\GDI32.dll
[1220/110722.279:ERROR:process_reader_win.cc(233)] ReadMemory at 0x7ffadadf0000 of 64 bytes failed: Only part of a ReadProcessMemory or WriteProcessMemory request was completed. (0x12B)
[1220/110722.279:WARNING:pe_image_reader.cc(281)] could not read dos header from C:\Windows\system32\USER32.dll
[1220/110722.279:ERROR:process_reader_win.cc(233)] ReadMemory at 0x7ffac70c0000 of 64 bytes failed: Only part of a ReadProcessMemory or WriteProcessMemory request was completed. (0x12B)
[1220/110722.279:WARNING:pe_image_reader.cc(281)] could not read dos header from C:\Program Files (x86)\Kaspersky Lab\Kaspersky Internet Security 17.0.0\x64\inproc_agent.dll
[1220/110722.279:ERROR:process_reader_win.cc(233)] ReadMemory at 0x7ffac7020000 of 64 bytes failed: Only part of a ReadProcessMemory or WriteProcessMemory request was completed. (0x12B)
[1220/110722.279:WARNING:pe_image_reader.cc(281)] could not read dos header from C:\ProgramData\Kaspersky Lab\AVP17.0.0\Bases\klsihk64.dll
[1220/110722.279:ERROR:process_reader_win.cc(233)] ReadMemory at 0x7ffad8e30000 of 64 bytes failed: Only part of a ReadProcessMemory or WriteProcessMemory request was completed. (0x12B)
[1220/110722.279:WARNING:pe_image_reader.cc(281)] could not read dos header from C:\Windows\system32\MSCTF.dll
[1220/110722.279:ERROR:process_reader_win.cc(233)] ReadMemory at 0x7ffadaab0000 of 64 bytes failed: Only part of a ReadProcessMemory or WriteProcessMemory request was completed. (0x12B)
[1220/110722.279:WARNING:pe_image_reader.cc(281)] could not read dos header from C:\Windows\system32\IMM32.DLL
[1220/110722.279:ERROR:process_reader_win.cc(233)] ReadMemory at 0x7ffad8c90000 of 64 bytes failed: Only part of a ReadProcessMemory or WriteProcessMemory request was completed. (0x12B)
[1220/110722.279:WARNING:pe_image_reader.cc(281)] could not read dos header from C:\Windows\system32\SHLWAPI.dll
[1220/110722.279:ERROR:process_reader_win.cc(233)] ReadMemory at 0x7ffad91d0000 of 64 bytes failed: Only part of a ReadProcessMemory or WriteProcessMemory request was completed. (0x12B)
[1220/110722.279:WARNING:pe_image_reader.cc(281)] could not read dos header from C:\Windows\system32\SHELL32.dll
[1220/110722.280:ERROR:process_reader_win.cc(233)] ReadMemory at 0x7ffad8bf0000 of 64 bytes failed: Only part of a ReadProcessMemory or WriteProcessMemory request was completed. (0x12B)
[1220/110722.280:WARNING:pe_image_reader.cc(281)] could not read dos header from C:\Windows\SYSTEM32\cfgmgr32.dll
[1220/110722.280:ERROR:process_reader_win.cc(233)] ReadMemory at 0x7ffad7580000 of 64 bytes failed: Only part of a ReadProcessMemory or WriteProcessMemory request was completed. (0x12B)
[1220/110722.280:WARNING:pe_image_reader.cc(281)] could not read dos header from C:\Windows\SYSTEM32\DEVOBJ.dll
[1220/110722.280:ERROR:process_reader_win.cc(233)] ReadMemory at 0x7ffad5c00000 of 64 bytes failed: Only part of a ReadProcessMemory or WriteProcessMemory request was completed. (0x12B)
[1220/110722.280:WARNING:pe_image_reader.cc(281)] could not read dos header from C:\Windows\SYSTEM32\WINMMBASE.dll
[1220/110722.280:ERROR:process_reader_win.cc(233)] ReadMemory at 0x7ffad6c80000 of 64 bytes failed: Only part of a ReadProcessMemory or WriteProcessMemory request was completed. (0x12B)
[1220/110722.280:WARNING:pe_image_reader.cc(281)] could not read dos header from C:\Windows\SYSTEM32\WINMM.dll
[1220/110722.280:ERROR:process_reader_win.cc(233)] ReadMemory at 0x7ffad8770000 of 64 bytes failed: Only part of a ReadProcessMemory or WriteProcessMemory request was completed. (0x12B)
[1220/110722.280:WARNING:pe_image_reader.cc(281)] could not read dos header from C:\Windows\SYSTEM32\profapi.dll
[1220/110722.280:ERROR:process_reader_win.cc(233)] ReadMemory at 0x7ffad7d10000 of 64 bytes failed: Only part of a ReadProcessMemory or WriteProcessMemory request was completed. (0x12B)
[1220/110722.280:WARNING:pe_image_reader.cc(281)] could not read dos header from C:\Windows\SYSTEM32\USERENV.dll
[1220/110722.280:ERROR:process_reader_win.cc(233)] ReadMemory at 0x7ffad1dd0000 of 64 bytes failed: Only part of a ReadProcessMemory or WriteProcessMemory request was completed. (0x12B)
[1220/110722.280:WARNING:pe_image_reader.cc(281)] could not read dos header from C:\Windows\SYSTEM32\WINHTTP.dll
[1220/110722.280:ERROR:process_reader_win.cc(233)] ReadMemory at 0x7ffad8530000 of 64 bytes failed: Only part of a ReadProcessMemory or WriteProcessMemory request was completed. (0x12B)
[1220/110722.280:WARNING:pe_image_reader.cc(281)] could not read dos header from C:\Windows\SYSTEM32\bcryptPrimitives.dll
[1220/110722.280:ERROR:process_reader_win.cc(233)] ReadMemory at 0x7ffad8600000 of 64 bytes failed: Only part of a ReadProcessMemory or WriteProcessMemory request was completed. (0x12B)
[1220/110722.280:WARNING:pe_image_reader.cc(281)] could not read dos header from C:\Windows\SYSTEM32\CRYPTBASE.DLL
[1220/110722.280:ERROR:process_reader_win.cc(233)] ReadMemory at 0x7ffad5ac0000 of 64 bytes failed: Only part of a ReadProcessMemory or WriteProcessMemory request was completed. (0x12B)
[1220/110722.280:WARNING:pe_image_reader.cc(281)] could not read dos header from C:\Windows\SYSTEM32\shcore.dll
[1220/110722.280:ERROR:process_reader_win.cc(233)] ReadMemory at 0x7ffadb0e0000 of 64 bytes failed: Only part of a ReadProcessMemory or WriteProcessMemory request was completed. (0x12B)
[1220/110722.280:WARNING:pe_image_reader.cc(281)] could not read dos header from C:\Windows\system32\ole32.dll
[1220/110722.280:ERROR:process_reader_win.cc(233)] ReadMemory at 0x7ffadad30000 of 64 bytes failed: Only part of a ReadProcessMemory or WriteProcessMemory request was completed. (0x12B)
[1220/110722.281:WARNING:pe_image_reader.cc(281)] could not read dos header from C:\Windows\system32\OLEAUT32.dll
[1220/110722.281:ERROR:process_reader_win.cc(233)] ReadMemory at 0x7ffadb440000 of 64 bytes failed: Only part of a ReadProcessMemory or WriteProcessMemory request was completed. (0x12B)
[1220/110722.281:WARNING:pe_image_reader.cc(281)] could not read dos header from C:\Windows\system32\NSI.dll
[1220/110722.281:ERROR:process_reader_win.cc(233)] ReadMemory at 0x7ffada9f0000 of 64 bytes failed: Only part of a ReadProcessMemory or WriteProcessMemory request was completed. (0x12B)
[1220/110722.281:WARNING:pe_image_reader.cc(281)] could not read dos header from C:\Windows\system32\WS2_32.dll
[1220/110722.281:ERROR:process_reader_win.cc(233)] ReadMemory at 0x7ffad5170000 of 64 bytes failed: Only part of a ReadProcessMemory or WriteProcessMemory request was completed. (0x12B)
[1220/110722.281:WARNING:pe_image_reader.cc(281)] could not read dos header from C:\Windows\WinSxS\amd64_microsoft.windows.common-controls_6595b64144ccf1df_6.0.9600.17810_none_6240b9c7ecbd0bda\COMCTL32.dll
[1220/110722.281:ERROR:process_reader_win.cc(233)] ReadMemory at 0x7ffadaaf0000 of 64 bytes failed: Only part of a ReadProcessMemory or WriteProcessMemory request was completed. (0x12B)
[1220/110722.281:WARNING:pe_image_reader.cc(281)] could not read dos header from C:\Windows\system32\COMDLG32.dll
[1220/110722.281:ERROR:process_reader_win.cc(233)] ReadMemory at 0x7ffac4e20000 of 64 bytes failed: Only part of a ReadProcessMemory or WriteProcessMemory request was completed. (0x12B)
[1220/110722.281:WARNING:pe_image_reader.cc(281)] could not read dos header from C:\Windows\SYSTEM32\dbghelp.dll
[1220/110722.281:ERROR:process_reader_win.cc(233)] ReadMemory at 0x7ffacd890000 of 64 bytes failed: Only part of a ReadProcessMemory or WriteProcessMemory request was completed. (0x12B)
[1220/110722.281:WARNING:pe_image_reader.cc(281)] could not read dos header from C:\Windows\SYSTEM32\USP10.dll
[1220/110722.281:ERROR:process_reader_win.cc(233)] ReadMemory at 0x7ffad0da0000 of 64 bytes failed: Only part of a ReadProcessMemory or WriteProcessMemory request was completed. (0x12B)
[1220/110722.281:WARNING:pe_image_reader.cc(281)] could not read dos header from C:\Windows\SYSTEM32\WINSPOOL.DRV
[1220/110722.281:ERROR:process_reader_win.cc(233)] ReadMemory at 0x7ffad3b90000 of 64 bytes failed: Only part of a ReadProcessMemory or WriteProcessMemory request was completed. (0x12B)
[1220/110722.282:WARNING:pe_image_reader.cc(281)] could not read dos header from C:\Windows\SYSTEM32\WINNSI.DLL
[1220/110722.282:ERROR:process_reader_win.cc(233)] ReadMemory at 0x7ffad3bc0000 of 64 bytes failed: Only part of a ReadProcessMemory or WriteProcessMemory request was completed. (0x12B)
[1220/110722.282:WARNING:pe_image_reader.cc(281)] could not read dos header from C:\Windows\SYSTEM32\IPHLPAPI.DLL
[1220/110722.282:ERROR:process_reader_win.cc(233)] ReadMemory at 0x7ffad0a50000 of 64 bytes failed: Only part of a ReadProcessMemory or WriteProcessMemory request was completed. (0x12B)
[1220/110722.282:WARNING:pe_image_reader.cc(281)] could not read dos header from C:\Windows\SYSTEM32\Secur32.dll
[1220/110722.282:ERROR:process_reader_win.cc(233)] ReadMemory at 0x7ffad4190000 of 64 bytes failed: Only part of a ReadProcessMemory or WriteProcessMemory request was completed. (0x12B)
[1220/110722.282:WARNING:pe_image_reader.cc(281)] could not read dos header from C:\Windows\SYSTEM32\DWrite.dll
[1220/110722.282:ERROR:process_reader_win.cc(233)] ReadMemory at 0x7ffad8820000 of 64 bytes failed: Only part of a ReadProcessMemory or WriteProcessMemory request was completed. (0x12B)
[1220/110722.282:WARNING:pe_image_reader.cc(281)] could not read dos header from C:\Windows\system32\MSASN1.dll
[1220/110722.282:ERROR:process_reader_win.cc(233)] ReadMemory at 0x7ffad8840000 of 64 bytes failed: Only part of a ReadProcessMemory or WriteProcessMemory request was completed. (0x12B)
[1220/110722.282:WARNING:pe_image_reader.cc(281)] could not read dos header from C:\Windows\system32\CRYPT32.dll
[1220/110722.282:ERROR:process_reader_win.cc(233)] ReadMemory at 0x7ffad8c40000 of 64 bytes failed: Only part of a ReadProcessMemory or WriteProcessMemory request was completed. (0x12B)
[1220/110722.282:WARNING:pe_image_reader.cc(281)] could not read dos header from C:\Windows\system32\WINTRUST.dll
[1220/110722.282:ERROR:process_reader_win.cc(233)] ReadMemory at 0x7ffad8500000 of 64 bytes failed: Only part of a ReadProcessMemory or WriteProcessMemory request was completed. (0x12B)
[1220/110722.282:WARNING:pe_image_reader.cc(281)] could not read dos header from C:\Windows\SYSTEM32\SSPICLI.DLL
[1220/110722.282:ERROR:process_reader_win.cc(233)] ReadMemory at 0x7ffab0190000 of 64 bytes failed: Only part of a ReadProcessMemory or WriteProcessMemory request was completed. (0x12B)
[1220/110722.283:WARNING:pe_image_reader.cc(281)] could not read dos header from C:\Program Files (x86)\Google\Chrome\Application\58.0.3029.110\chrome_child.dll
[1220/110722.300:ERROR:process_reader_win.cc(233)] ReadMemory at 0xc84235f000 of 69632 bytes failed: Only part of a ReadProcessMemory or WriteProcessMemory request was completed. (0x12B)
[1220/110722.300:ERROR:crash_report_exception_handler.cc(111)] WriteEverything failed
[1220/110722.303:ERROR:scoped_process_suspend.cc(38)] NtResumeProcess: An attempt was made to access an exiting process.  (0xc000010a)
